<?xml version="1.0" encoding="UTF-8"?>
<!-- Generated by org.testng.reporters.JUnitReportReporter -->
<testsuite hostname="DESKTOP-UQLK5NR" failures="0" tests="6" name="testPack.TestClass" time="0.074" errors="0" timestamp="2023-10-12T12:38:22 IST" skipped="0">
  <testcase classname="testPack.TestClass" name="test1" time="0.003"/>
  <testcase classname="testPack.TestClass" name="test12" time="0.005"/>
  <testcase classname="testPack.TestClass" name="test12" time="0.008"/>
  <testcase classname="testPack.TestClass" name="test12" time="0.005"/>
  <testcase classname="testPack.TestClass" name="test1" time="0.004"/>
  <testcase classname="testPack.TestClass" name="test1" time="0.049"/>
</testsuite> <!-- testPack.TestClass -->
